[2025-11-07 11:32:55] - [DocProcessor] - [store_doc():43 INFO] node_cnt_before: 0, node_cnt_after: 12
[2025-11-07 11:32:55] - [DocProcessor] - [store_doc():43 INFO] node_cnt_before: 12, node_cnt_after: 24
[2025-11-07 11:35:50] - [ChromaUsage] - [delete_collection_for_file():112 INFO] delete file "resume.md", for 12 data
[2025-11-07 11:47:58] - [ChromaUsage] - [add_data_to_collection():105 INFO] insert node_id_prefix=resume_detail.md, data: 12
[2025-11-07 11:47:58] - [DocProcessor] - [store_doc():44 INFO] node_cnt_before: 12, node_cnt_after: 24
[2025-11-07 11:48:08] - [ChromaUsage] - [add_data_to_collection():100 INFO] delete node_id_prefix=resume_detail.md, data: 12
[2025-11-07 11:48:08] - [ChromaUsage] - [add_data_to_collection():105 INFO] insert node_id_prefix=resume_detail.md, data: 12
[2025-11-07 11:48:08] - [DocProcessor] - [store_doc():44 INFO] node_cnt_before: 24, node_cnt_after: 24
[2025-11-07 11:48:27] - [ChromaUsage] - [add_data_to_collection():105 INFO] insert node_id_prefix=resume.md, data: 12
[2025-11-07 11:48:27] - [DocProcessor] - [store_doc():44 INFO] node_cnt_before: 0, node_cnt_after: 12
[2025-11-07 11:48:28] - [ChromaUsage] - [add_data_to_collection():105 INFO] insert node_id_prefix=resume_detail.md, data: 12
[2025-11-07 11:48:28] - [DocProcessor] - [store_doc():44 INFO] node_cnt_before: 12, node_cnt_after: 24
[2025-11-07 11:48:36] - [ChromaUsage] - [add_data_to_collection():100 INFO] delete node_id_prefix=resume.md, data: 12
[2025-11-07 11:48:36] - [ChromaUsage] - [add_data_to_collection():105 INFO] insert node_id_prefix=resume.md, data: 12
[2025-11-07 11:48:36] - [DocProcessor] - [store_doc():44 INFO] node_cnt_before: 24, node_cnt_after: 24
[2025-11-07 11:48:36] - [ChromaUsage] - [add_data_to_collection():100 INFO] delete node_id_prefix=resume_detail.md, data: 12
[2025-11-07 11:48:36] - [ChromaUsage] - [add_data_to_collection():105 INFO] insert node_id_prefix=resume_detail.md, data: 12
[2025-11-07 11:48:36] - [DocProcessor] - [store_doc():44 INFO] node_cnt_before: 24, node_cnt_after: 24
[2025-11-07 11:49:01] - [ChromaUsage] - [delete_collection_for_file():118 INFO] delete file "resume.md", data: 12
[2025-11-07 17:21:15] - [ChatService] - [_retrieve_context():57 INFO] Retrieved 3 documents for query: What is the candidate's experience?...
[2025-11-07 17:21:31] - [ChatService] - [_retrieve_context():57 INFO] Retrieved 3 documents for query: What is the candidate's experience?...
[2025-11-07 17:21:36] - [ChatService] - [_retrieve_context():57 INFO] Retrieved 3 documents for query: What skills do you have?...
[2025-11-07 17:27:26] - [ChatService] - [_retrieve_context():68 INFO] Retrieved 3 documents for query: What skills do you have?...
[2025-11-07 17:31:30] - [ChatService] - [_retrieve_context():67 INFO] Retrieved 3 documents for query: What skills do you have?...
